<?xml version="1.0" encoding="UTF-8"?>
<testng-results ignored="0" total="1" passed="1" failed="0" skipped="0">
  <reporter-output>
  </reporter-output>
  <suite started-at="2021-10-28T14:23:55 IST" name="Default suite" finished-at="2021-10-28T14:23:59 IST" duration-ms="3583">
    <groups>
    </groups>
    <test started-at="2021-10-28T14:23:55 IST" name="Default test" finished-at="2021-10-28T14:23:59 IST" duration-ms="3583">
      <class name="Tests.SOAPXMLRequest">
        <test-method signature="validateSOAPXML()[pri:0, instance:Tests.SOAPXMLRequest@5552768b]" started-at="2021-10-28T14:23:55 IST" name="validateSOAPXML" finished-at="2021-10-28T14:23:59 IST" duration-ms="3536" status="PASS">
          <reporter-output>
          </reporter-output>
        </test-method> <!-- validateSOAPXML -->
      </class> <!-- Tests.SOAPXMLRequest -->
    </test> <!-- Default test -->
  </suite> <!-- Default suite -->
</testng-results>
